0.4103507995605469
0.4121081829071045
0.41054344177246094
0.41216206550598145
0.4119133949279785
0.412752628326416
0.4116992950439453
0.41061878204345703
0.4131150245666504
0.4141566753387451
0.4113166332244873
0.4149148464202881
0.4130980968475342
0.41146039962768555
0.4109914302825928
0.4118807315826416
0.4111297130584717
0.414142370223999
0.4138798713684082
0.41281843185424805
0.4139590263366699
0.4136662483215332
0.4119877815246582
0.4133744239807129
0.4133725166320801
0.4134836196899414
0.4152073860168457
0.4119718074798584
0.41173529624938965
0.4119231700897217
0.41100382804870605
0.41064929962158203
0.4110839366912842
0.41173219680786133
0.41322970390319824
0.4136936664581299
0.41106104850769043
0.4133007526397705
0.4160308837890625
0.41140174865722656
0.4103255271911621
0.41336512565612793
0.41266870498657227
0.4121878147125244
0.4114644527435303
0.41521358489990234
0.4109761714935303
0.412569522857666
0.4105055332183838
0.4113619327545166
0.41268396377563477
0.4124276638031006
0.41272902488708496
0.4146435260772705
0.411710262298584
0.410081148147583
0.4143974781036377
0.4157130718231201
0.4130983352661133
0.41252636909484863
0.41182613372802734
0.4115743637084961
0.4135568141937256
0.41344785690307617
0.4134047031402588
0.4120042324066162
0.4146873950958252
0.41446733474731445
0.4102025032043457
0.41302013397216797
0.41159844398498535
0.41031885147094727
0.4125652313232422
0.41109323501586914
0.4118821620941162
0.41467905044555664
0.4113912582397461
0.41094207763671875
0.4125349521636963
0.41213274002075195
0.4112882614135742
0.41104888916015625
0.411834716796875
0.4125077724456787
0.4119577407836914
0.4108905792236328
0.4115746021270752
0.4122018814086914
0.4126105308532715
0.41223621368408203
0.4106168746948242
0.41381072998046875
0.4128584861755371
0.41063427925109863
0.41304945945739746
0.4117605686187744
0.41237354278564453
0.41409921646118164
0.41124796867370605
0.4138638973236084
0.4170711040496826
0.41114091873168945
0.4122316837310791
0.4125821590423584
0.41300272941589355
0.41190409660339355
0.41240715980529785
0.4137551784515381
0.41617465019226074
0.411393404006958
0.4121060371398926
0.41103291511535645
0.4127016067504883
0.413820743560791
0.4115023612976074
0.4097719192504883
0.4126152992248535
0.41132068634033203
0.4121973514556885
0.4107949733734131
0.41227269172668457
0.4126100540161133
0.41179394721984863
0.41213512420654297
0.4128260612487793
0.41084957122802734
0.41051220893859863
0.41165995597839355
0.41150569915771484
0.410966157913208
0.41191744804382324
0.41012096405029297
0.41094326972961426
0.41151928901672363
0.4101443290710449
0.4123718738555908
0.41199636459350586
0.40975093841552734
0.41367077827453613
0.41057252883911133
0.4113442897796631
0.41146016120910645
0.4104752540588379
0.411365270614624
0.4103529453277588
0.4120769500732422
0.41722989082336426
0.4124588966369629
0.41425347328186035
0.4110450744628906
0.4133012294769287
0.4124162197113037
0.41001105308532715
0.4113271236419678
0.41060948371887207
0.4163377285003662
0.41113901138305664
0.4108755588531494
0.41198110580444336
0.41194629669189453
0.41365504264831543
0.41397833824157715
0.4151883125305176
0.41332149505615234
0.4107820987701416
0.41327643394470215
0.415971040725708
0.410968542098999
0.41239237785339355
0.4115626811981201
0.4134480953216553
0.4110243320465088
0.41162586212158203
0.41073179244995117
0.4120314121246338
0.41170382499694824
0.4103515148162842
0.4098079204559326
0.41155004501342773
0.4116661548614502
0.4113271236419678
0.4126884937286377
0.41390204429626465
0.4139244556427002
0.41347694396972656
0.4132049083709717
0.4127330780029297
0.4105994701385498
0.41147518157958984
0.41091346740722656
0.4122002124786377
0.4118795394897461
0.41530323028564453
0.4113576412200928
0.41124558448791504
0.4120645523071289
0.4119601249694824
0.41185760498046875
0.4102756977081299
0.4109621047973633
0.4144775867462158
0.41321277618408203
0.41188693046569824
0.41248464584350586
0.4138357639312744
0.4114985466003418
0.4099855422973633
0.4101126194000244
0.41207027435302734
0.4114401340484619
0.4131507873535156
0.4119715690612793
0.4126448631286621
0.41212010383605957
0.41334009170532227
0.4117465019226074
0.4129605293273926
0.4122345447540283
0.4137444496154785
0.4114072322845459
0.411712646484375
0.41090869903564453
0.4128134250640869
0.4139835834503174
0.41217541694641113
0.4117457866668701
0.4114344120025635
0.40981531143188477
0.41114258766174316
0.41147518157958984
0.4105095863342285
0.4111461639404297
0.41038525104522705
0.4129292964935303
0.41135740280151367
0.41495466232299805
0.412097692489624
0.41014528274536133
0.41272568702697754
0.41228437423706055
0.4148077964782715
0.4107224941253662
0.41124534606933594
0.413318395614624
0.41343092918395996
0.40954911708831787
0.4104161262512207
0.4165058135986328
0.412067174911499
0.4105498790740967
0.40926480293273926
0.4098827838897705
0.40940260887145996
0.4093894958496094
0.4110987186431885
0.40955448150634766
0.41094112396240234
0.4096198081970215
0.4095492362976074
0.410799503326416
0.41100311279296875
0.41227030754089355
0.41050195693969727
0.41030168533325195
0.41010165214538574
0.4095134735107422
0.41211891174316406
0.41053056716918945
0.4115269184112549
0.411365270614624
0.4107241630554199
0.41322922706604004
0.4133768081665039
0.4106605052947998
0.41092872619628906
0.4109537601470947
0.41082870960235596
0.41039061546325684
0.41160058975219727
0.4115314483642578
0.4109182357788086
0.4112391471862793
